[same-h8w4xrlji9g-latest.netlify.app/index.html]
[same-h8w4xrlji9g-latest.netlify.app/_next/static/media/e4af272ccee01ff0-s.p.woff2]
[same-h8w4xrlji9g-latest.netlify.app/_next/static/css/61d327304cf62747.css]
[same-h8w4xrlji9g-latest.netlify.app/_next/static/chunks/webpack-620c33543baee0c1.js]
[same-h8w4xrlji9g-latest.netlify.app/_next/static/chunks/4bd1b696-36fe7c11f315f08c.js]
[same-h8w4xrlji9g-latest.netlify.app/_next/static/chunks/main-app-bdff1c82851a68ad.js]
[same-h8w4xrlji9g-latest.netlify.app/_next/static/chunks/684-938713a7316f6732.js]
[same-h8w4xrlji9g-latest.netlify.app/_next/static/chunks/992-de975d9b12d158cc.js]
[backblue.gif]
[fade.gif]
[index.html]
[same-h8w4xrlji9g-latest.netlify.app/_next/static/chunks/app/page-2d11368b35d7c1e0.js]
[same-h8w4xrlji9g-latest.netlify.app/index.html]
[same-h8w4xrlji9g-latest.netlify.app/_next/static/chunks/polyfills-42372ed130431b0a.js]
[same-h8w4xrlji9g-latest.netlify.app/_next/static/media/55c55f0601d81cf3-s.woff2]
[same-h8w4xrlji9g-latest.netlify.app/_next/static/media/26a46d62cd723877-s.woff2]
[same-h8w4xrlji9g-latest.netlify.app/_next/static/media/97e0cb1ae144a2a9-s.woff2]
[same-h8w4xrlji9g-latest.netlify.app/_next/static/media/581909926a08bbc8-s.woff2]
[same-h8w4xrlji9g-latest.netlify.app/_next/static/media/df0a9ae256c0569c-s.woff2]
[same-h8w4xrlji9g-latest.netlify.app/_next/static/media/8e9860b6e62d6359-s.woff2]
[same-h8w4xrlji9g-latest.netlify.app/_next/static/css/61d327304cf62747.css]
